{
  "RSpec": {
    "coverage": {
      "/Users/benjamin/potlucky_gopher/PotluckyGopher/config/environment.rb": [
        null,
        1,
        null,
        null,
        1
      ],
      "/Users/benjamin/potlucky_gopher/PotluckyGopher/config/application.rb": [
        1,
        null,
        1,
        null,
        1,
        null,
        1,
        null,
        null,
        null,
        null,
        1,
        1,
        null,
        null,
        null,
        null,
        null,
        1,
        null,
        null,
        null,
        null,
        null,
        null,
        null,
        null,
        null,
        null,
        null,
        null,
        null,
        null,
        null,
        null,
        null,
        1,
        null,
        null,
        1,
        null,
        null,
        1,
        null,
        null,
        null,
        null,
        null,
        null,
        null,
        null,
        null,
        null,
        1,
        null,
        null,
        1,
        null,
        null,
        1,
        null,
        null
      ],
      "/Users/benjamin/potlucky_gopher/PotluckyGopher/config/boot.rb": [
        1,
        null,
        null,
        1,
        null,
        1
      ],
      "/Users/benjamin/potlucky_gopher/PotluckyGopher/config/environments/test.rb": [
        1,
        null,
        null,
        null,
        null,
        null,
        null,
        1,
        null,
        null,
        1,
        1,
        null,
        null,
        1,
        null,
        null,
        1,
        1,
        null,
        null,
        1,
        null,
        null,
        1,
        null,
        null,
        null,
        null,
        1,
        null,
        null,
        1,
        null,
        null,
        1,
        null
      ],
      "/Users/benjamin/potlucky_gopher/PotluckyGopher/config/initializers/backtrace_silencers.rb": [
        null,
        null,
        null,
        null,
        null,
        null,
        null
      ],
      "/Users/benjamin/potlucky_gopher/PotluckyGopher/config/initializers/inflections.rb": [
        null,
        null,
        null,
        null,
        null,
        null,
        null,
        null,
        null,
        null,
        null,
        null,
        null,
        null,
        null
      ],
      "/Users/benjamin/potlucky_gopher/PotluckyGopher/config/initializers/mime_types.rb": [
        null,
        null,
        null,
        null,
        null
      ],
      "/Users/benjamin/potlucky_gopher/PotluckyGopher/config/initializers/omniauth.rb": [
        1,
        null,
        1,
        1,
        null
      ],
      "/Users/benjamin/potlucky_gopher/PotluckyGopher/config/initializers/secret_token.rb": [
        null,
        null,
        null,
        null,
        null,
        null,
        1
      ],
      "/Users/benjamin/potlucky_gopher/PotluckyGopher/config/initializers/session_store.rb": [
        null,
        null,
        1,
        null,
        null,
        null,
        null,
        null
      ],
      "/Users/benjamin/potlucky_gopher/PotluckyGopher/config/initializers/sidekiq.rb": [
        1,
        1,
        null,
        1,
        1,
        1,
        null,
        null,
        null,
        1,
        0,
        0,
        null,
        null
      ],
      "/Users/benjamin/potlucky_gopher/PotluckyGopher/config/initializers/wrap_parameters.rb": [
        null,
        null,
        null,
        null,
        null,
        null,
        1,
        1,
        null,
        null,
        null,
        1,
        1,
        null
      ],
      "/Users/benjamin/potlucky_gopher/PotluckyGopher/app/controllers/application_controller.rb": [
        1,
        1,
        1,
        null,
        1,
        0,
        null,
        null,
        1,
        0,
        null,
        null,
        1,
        null,
        null,
        null,
        null
      ],
      "/Users/benjamin/potlucky_gopher/PotluckyGopher/app/helpers/application_helper.rb": [
        1,
        null,
        1,
        0,
        0,
        0,
        0,
        null,
        0,
        null,
        null
      ],
      "/Users/benjamin/potlucky_gopher/PotluckyGopher/app/helpers/event_items_helper.rb": [
        1,
        null,
        null,
        null,
        null
      ],
      "/Users/benjamin/potlucky_gopher/PotluckyGopher/app/helpers/events_helper.rb": [
        1,
        null
      ],
      "/Users/benjamin/potlucky_gopher/PotluckyGopher/app/helpers/items_helper.rb": [
        1,
        null
      ],
      "/Users/benjamin/potlucky_gopher/PotluckyGopher/app/helpers/users_helper.rb": [
        1,
        null
      ],
      "/Users/benjamin/potlucky_gopher/PotluckyGopher/lib/current_user.rb": [
        1,
        null,
        1,
        0,
        0,
        null,
        null,
        null,
        null
      ],
      "/Users/benjamin/potlucky_gopher/PotluckyGopher/app/controllers/assigned_items_controller.rb": [
        1,
        null,
        0,
        0,
        0,
        0,
        0,
        null,
        0,
        null,
        null,
        null,
        null
      ],
      "/Users/benjamin/potlucky_gopher/PotluckyGopher/app/models/assigned_item.rb": [
        1,
        1,
        1,
        1,
        0,
        0,
        null,
        0,
        0,
        null,
        0,
        null,
        null
      ]
    },
    "timestamp": 1371511629
  }
}
